<?xml version="1.0" encoding="UTF-8"?>
<!-- Generated by org.testng.reporters.JUnitReportReporter -->
<testsuite skipped="0" hostname="Zkapadia-LT" name="api_tests.DataDrivenTest" tests="3" failures="0" timestamp="2020-07-07T13:38:03 EDT" time="3.277" errors="0">
  <testcase name="addUser" time="0.354" classname="api_tests.DataDrivenTest"/>
  <system-out/>
  <testcase name="addUser" time="0.384" classname="api_tests.DataDrivenTest"/>
  <system-out/>
  <testcase name="addUser" time="2.539" classname="api_tests.DataDrivenTest"/>
  <system-out/>
</testsuite> <!-- api_tests.DataDrivenTest -->
