<?xml version="1.0" encoding="UTF-8"?>
<!-- Generated by org.testng.reporters.JUnitReportReporter -->
<testsuite skipped="0" hostname="Zkapadia-LT" name="api_tests.GET_Request" tests="5" failures="0" timestamp="2020-07-30T13:23:32 EDT" time="0.068" errors="0">
  <testcase name="getAllHeaders" time="0.004" classname="api_tests.GET_Request"/>
  <system-out/>
  <testcase name="checkStatusCode" time="0.002" classname="api_tests.GET_Request"/>
  <system-out/>
  <testcase name="checkResponseBody" time="0.045" classname="api_tests.GET_Request"/>
  <system-out/>
  <testcase name="checkSessionId" time="0.006" classname="api_tests.GET_Request"/>
  <system-out/>
  <testcase name="checkResponseTime" time="0.011" classname="api_tests.GET_Request"/>
  <system-out/>
</testsuite> <!-- api_tests.GET_Request -->
