<?xml version="1.0" encoding="UTF-8"?>
<!-- Generated by org.testng.reporters.JUnitReportReporter -->
<testsuite skipped="0" hostname="Zkapadia-LT" name="api_tests.POST_request" tests="1" failures="0" timestamp="2020-07-27T17:34:46 EDT" time="0.371" errors="0">
  <testcase name="sendPost" time="0.371" classname="api_tests.POST_request"/>
  <system-out/>
</testsuite> <!-- api_tests.POST_request -->
